2015-09-13 15:34:39,235 - rootLogger - INFO - All Excel Files Initialised successfully.
2015-09-13 15:34:39,245 - rootLogger - INFO - Param.properties file loaded successfully.
2015-09-13 15:34:39,276 - rootLogger - INFO - Objects.properties file loaded successfully.
2015-09-13 15:34:39,276 - rootLogger - INFO - Execution started for SuiteOneBase.
2015-09-13 15:34:39,964 - rootLogger - INFO - All Excel Files Initialised successfully.
2015-09-13 15:34:39,964 - rootLogger - INFO - Param.properties file loaded successfully.
2015-09-13 15:34:39,964 - rootLogger - INFO - Objects.properties file loaded successfully.
2015-09-13 15:34:39,964 - rootLogger - INFO - SuiteOneCaseOne : Execution started.
2015-09-13 15:34:58,542 - rootLogger - INFO - Firefox Driver Instance loaded successfully.
2015-09-13 15:35:06,660 - rootLogger - INFO - SuiteOneCaseOne : Reporting test data set line 1 as PASS In excel.
2015-09-13 15:35:11,572 - rootLogger - INFO - SuiteOneCaseOne : Reporting test data set line 2 as PASS In excel.
2015-09-13 15:35:11,646 - rootLogger - INFO - SuiteOneCaseOne : Reporting test case as PASS In excel.
2015-09-13 15:35:11,927 - rootLogger - INFO - All Excel Files Initialised successfully.
2015-09-13 15:35:11,927 - rootLogger - INFO - Param.properties file loaded successfully.
2015-09-13 15:35:11,927 - rootLogger - INFO - Objects.properties file loaded successfully.
2015-09-13 15:35:21,285 - rootLogger - INFO - Firefox Driver Instance loaded successfully.
2015-09-13 15:35:29,932 - rootLogger - INFO - All Excel Files Initialised successfully.
2015-09-13 15:35:29,932 - rootLogger - INFO - Param.properties file loaded successfully.
2015-09-13 15:35:29,948 - rootLogger - INFO - Objects.properties file loaded successfully.
2015-09-13 15:35:30,120 - rootLogger - INFO - All Excel Files Initialised successfully.
2015-09-13 15:35:30,120 - rootLogger - INFO - Param.properties file loaded successfully.
2015-09-13 15:35:30,120 - rootLogger - INFO - Objects.properties file loaded successfully.
2015-09-13 15:35:38,959 - rootLogger - INFO - Firefox Driver Instance loaded successfully.
2015-09-13 15:35:47,494 - rootLogger - INFO - All Excel Files Initialised successfully.
2015-09-13 15:35:47,497 - rootLogger - INFO - Param.properties file loaded successfully.
2015-09-13 15:35:47,497 - rootLogger - INFO - Objects.properties file loaded successfully.
2015-09-13 15:35:55,655 - rootLogger - INFO - Firefox Driver Instance loaded successfully.
